<?xml version="1.0" encoding="UTF-8"?>
<testsuite name="com.ruzibekov.mobileapiinspector.service.ApiCallStoreServiceTest" tests="3" skipped="0" failures="0" errors="0" timestamp="2026-03-14T12:32:24.339Z" hostname="Savkats-MacBook-Pro.local" time="0.002">
  <properties/>
  <testcase name="does not store records while paused" classname="com.ruzibekov.mobileapiinspector.service.ApiCallStoreServiceTest" time="0.001"/>
  <testcase name="stores records when capture is active" classname="com.ruzibekov.mobileapiinspector.service.ApiCallStoreServiceTest" time="0.0"/>
  <testcase name="toggles pinned ids" classname="com.ruzibekov.mobileapiinspector.service.ApiCallStoreServiceTest" time="0.0"/>
  <system-out><![CDATA[]]></system-out>
  <system-err><![CDATA[]]></system-err>
</testsuite>
