<?xml version="1.0" encoding="UTF-8"?>
<testsuite name="com.ruzibekov.mobileapiinspector.service.ApiInspectorPortResolverTest" tests="2" skipped="0" failures="0" errors="0" timestamp="2026-03-14T12:32:24.342Z" hostname="Savkats-MacBook-Pro.local" time="0.001">
  <properties/>
  <testcase name="stops at valid port range" classname="com.ruzibekov.mobileapiinspector.service.ApiInspectorPortResolverTest" time="0.001"/>
  <testcase name="builds candidate ports from preferred port" classname="com.ruzibekov.mobileapiinspector.service.ApiInspectorPortResolverTest" time="0.0"/>
  <system-out><![CDATA[]]></system-out>
  <system-err><![CDATA[]]></system-err>
</testsuite>
