<?xml version="1.0" encoding="UTF-8"?>
<testsuite name="com.ruzibekov.mobileapiinspector.ui.ApiPinnedRecordsTest" tests="1" skipped="0" failures="0" errors="0" timestamp="2026-03-14T12:32:24.345Z" hostname="Savkats-MacBook-Pro.local" time="0.001">
  <properties/>
  <testcase name="moves pinned records to top while preserving input order" classname="com.ruzibekov.mobileapiinspector.ui.ApiPinnedRecordsTest" time="0.001"/>
  <system-out><![CDATA[]]></system-out>
  <system-err><![CDATA[]]></system-err>
</testsuite>
