<?xml version="1.0" encoding="UTF-8"?>
<testsuite name="com.ruzibekov.mobileapiinspector.service.ApiInspectorSettingsServiceTest" tests="2" skipped="0" failures="0" errors="0" timestamp="2026-03-14T12:32:24.344Z" hostname="Savkats-MacBook-Pro.local" time="0.0">
  <properties/>
  <testcase name="uses defaults for empty state" classname="com.ruzibekov.mobileapiinspector.service.ApiInspectorSettingsServiceTest" time="0.0"/>
  <testcase name="updates host and port" classname="com.ruzibekov.mobileapiinspector.service.ApiInspectorSettingsServiceTest" time="0.0"/>
  <system-out><![CDATA[]]></system-out>
  <system-err><![CDATA[]]></system-err>
</testsuite>
