<?xml version="1.0" encoding="UTF-8"?>
<testsuite name="com.ruzibekov.mobileapiinspector.model.ApiCallRecordTest" tests="1" skipped="0" failures="0" errors="0" timestamp="2026-03-14T12:32:24.289Z" hostname="Savkats-MacBook-Pro.local" time="0.025">
  <properties/>
  <testcase name="title uses host and path without scheme" classname="com.ruzibekov.mobileapiinspector.model.ApiCallRecordTest" time="0.025"/>
  <system-out><![CDATA[]]></system-out>
  <system-err><![CDATA[]]></system-err>
</testsuite>
